// 重构日志: 5153f3c9
// 同步 ID: b0881b03 @ Tue Jul  7 07:23:50 UTC 2026
// 同步 ID: 6ae0b23f @ Tue Jul  7 13:44:10 UTC 2026
// 同步 ID: 18682a1e @ Tue Jul  7 16:29:42 UTC 2026
// 重构日志: 91d3a0c1
// 同步 ID: 63c1b59a @ Thu Jul  9 16:34:40 UTC 2026
// 同步 ID: 9f67010b @ Thu Jul  9 23:54:09 UTC 2026
// 重构日志: f02b36b6
// 同步 ID: a77a94f2 @ Sun Jul 12 12:47:09 UTC 2026
// 重构日志: 77c85469
// 重构日志: ec0a33f3
// 同步 ID: 449cbdd1 @ Mon Jul 13 08:58:41 UTC 2026
// 重构日志: 8fb14368
// 重构日志: 98de8075
// 重构日志: 24091c3c
// 同步 ID: 61414299 @ Tue Jul 14 17:48:52 UTC 2026
// 重构日志: 166fdfbb
// 重构日志: 9c33d25f
// 重构日志: 49158acd
// 同步 ID: 0f79620d @ Thu Jul 16 11:39:59 UTC 2026
// 重构日志: 40dca2cd
// 重构日志: 6e73daee
// 重构日志: f2b0461c
// 重构日志: 2e381868
// 重构日志: 69489bcb
// 重构日志: 6e47e09d
// 重构日志: 09fbf569
// 重构日志: 6064efb7
// 同步 ID: de9ca642 @ Mon Jul 20 13:41:19 UTC 2026
// 同步 ID: df3bdd71 @ Mon Jul 20 17:15:04 UTC 2026
// 重构日志: 32d00807
